Using pre-set license
Built from '2021.3/staging' branch; Version is '2021.3.20f1 (577897200b8b) revision 5732503'; Using compiler version '192829333'; Build Type 'Release'
OS: 'Windows 11  (10.0.22000) 64bit Professional' Language: 'pt' Physical Memory: 16228 MB
BatchMode: 1, IsHumanControllingUs: 0, StartBugReporterOnCrash: 0, Is64bit: 1, IsPro: 1

COMMAND LINE ARGUMENTS:
C:\Program Files\Unity\Hub\Editor\2021.3.20f1\Editor\Unity.exe
-adb2
-batchMode
-noUpm
-name
AssetImportWorker1
-projectPath
C:/Users/Pedro Moura/Documents/ProjetoDV/ProjetoDVUnity
-logFile
Logs/AssetImportWorker1.log
-srvPort
7185
Successfully changed project path to: C:/Users/Pedro Moura/Documents/ProjetoDV/ProjetoDVUnity
C:/Users/Pedro Moura/Documents/ProjetoDV/ProjetoDVUnity
[UnityMemory] Configuration Parameters - Can be set up in boot.config
    "memorysetup-bucket-allocator-granularity=16"
    "memorysetup-bucket-allocator-bucket-count=8"
    "memorysetup-bucket-allocator-block-size=33554432"
    "memorysetup-bucket-allocator-block-count=8"
    "memorysetup-main-allocator-block-size=16777216"
    "memorysetup-thread-allocator-block-size=16777216"
    "memorysetup-gfx-main-allocator-block-size=16777216"
    "memorysetup-gfx-thread-allocator-block-size=16777216"
    "memorysetup-cache-allocator-block-size=4194304"
    "memorysetup-typetree-allocator-block-size=2097152"
    "memorysetup-profiler-bucket-allocator-granularity=16"
    "memorysetup-profiler-bucket-allocator-bucket-count=8"
    "memorysetup-profiler-bucket-allocator-block-size=33554432"
    "memorysetup-profiler-bucket-allocator-block-count=8"
    "memorysetup-profiler-allocator-block-size=16777216"
    "memorysetup-profiler-editor-allocator-block-size=1048576"
    "memorysetup-temp-allocator-size-main=16777216"
    "memorysetup-job-temp-allocator-block-size=2097152"
    "memorysetup-job-temp-allocator-block-size-background=1048576"
    "memorysetup-job-temp-allocator-reduction-small-platforms=262144"
    "memorysetup-temp-allocator-size-background-worker=32768"
    "memorysetup-temp-allocator-size-job-worker=262144"
    "memorysetup-temp-allocator-size-preload-manager=33554432"
    "memorysetup-temp-allocator-size-nav-mesh-worker=65536"
    "memorysetup-temp-allocator-size-audio-worker=65536"
    "memorysetup-temp-allocator-size-cloud-worker=32768"
    "memorysetup-temp-allocator-size-gi-baking-worker=262144"
    "memorysetup-temp-allocator-size-gfx=262144"
Player connection [29288] Host "[IP] 192.168.56.1 [Port] 0 [Flags] 2 [Guid] 1895702034 [EditorId] 1895702034 [Version] 1048832 [Id] WindowsEditor(7,DESKTOP-6B1DEGB) [Debug] 1 [PackageName] WindowsEditor [ProjectName] Editor" joined multi-casting on [225.0.0.222:54997]...

Player connection [29288] Host "[IP] 192.168.56.1 [Port] 0 [Flags] 2 [Guid] 1895702034 [EditorId] 1895702034 [Version] 1048832 [Id] WindowsEditor(7,DESKTOP-6B1DEGB) [Debug] 1 [PackageName] WindowsEditor [ProjectName] Editor" joined alternative multi-casting on [225.0.0.222:34997]...

Refreshing native plugins compatible for Editor in 279.79 ms, found 3 plugins.
Preloading 0 native plugins for Editor in 0.00 ms.
Initialize engine version: 2021.3.20f1 (577897200b8b)
[Subsystems] Discovering subsystems at path C:/Program Files/Unity/Hub/Editor/2021.3.20f1/Editor/Data/Resources/UnitySubsystems
[Subsystems] Discovering subsystems at path C:/Users/Pedro Moura/Documents/ProjetoDV/ProjetoDVUnity/Assets
GfxDevice: creating device client; threaded=0; jobified=0
Direct3D:
    Version:  Direct3D 11.0 [level 11.1]
    Renderer: NVIDIA GeForce RTX 2060 (ID=0x1f15)
    Vendor:   NVIDIA
    VRAM:     5980 MB
    Driver:   27.21.14.5183
Initialize mono
Mono path[0] = 'C:/Program Files/Unity/Hub/Editor/2021.3.20f1/Editor/Data/Managed'
Mono path[1] = 'C:/Program Files/Unity/Hub/Editor/2021.3.20f1/Editor/Data/MonoBleedingEdge/lib/mono/unityjit-win32'
Mono config path = 'C:/Program Files/Unity/Hub/Editor/2021.3.20f1/Editor/Data/MonoBleedingEdge/etc'
Using monoOptions --debugger-agent=transport=dt_socket,embedding=1,server=y,suspend=n,address=127.0.0.1:56460
Begin MonoManager ReloadAssembly
Registering precompiled unity dll's ...
Register platform support module: C:/Program Files/Unity/Hub/Editor/2021.3.20f1/Editor/Data/PlaybackEngines/AndroidPlayer/UnityEditor.Android.Extensions.dll
Register platform support module: C:/Program Files/Unity/Hub/Editor/2021.3.20f1/Editor/Data/PlaybackEngines/WindowsStandaloneSupport/UnityEditor.WindowsStandalone.Extensions.dll
Registered in 0.018106 seconds.
Native extension for WindowsStandalone target not found
Native extension for Android target not found
Android Extension - Scanning For ADB Devices 1034 ms
Refreshing native plugins compatible for Editor in 273.31 ms, found 3 plugins.
Preloading 0 native plugins for Editor in 0.00 ms.
Mono: successfully reloaded assembly
- Completed reload, in  3.527 seconds
Domain Reload Profiling:
	ReloadAssembly (3528ms)
		BeginReloadAssembly (322ms)
			ExecutionOrderSort (0ms)
			DisableScriptedObjects (0ms)
			BackupInstance (0ms)
			ReleaseScriptingObjects (0ms)
			CreateAndSetChildDomain (5ms)
		EndReloadAssembly (2862ms)
			LoadAssemblies (309ms)
			RebuildTransferFunctionScriptingTraits (0ms)
			SetupTypeCache (428ms)
			ReleaseScriptCaches (0ms)
			RebuildScriptCaches (105ms)
			SetupLoadedEditorAssemblies (2126ms)
				LogAssemblyErrors (0ms)
				InitializePlatformSupportModulesInManaged (1322ms)
				SetLoadedEditorAssemblies (1ms)
				RefreshPlugins (274ms)
				BeforeProcessingInitializeOnLoad (4ms)
				ProcessInitializeOnLoadAttributes (355ms)
				ProcessInitializeOnLoadMethodAttributes (170ms)
				AfterProcessingInitializeOnLoad (0ms)
				EditorAssembliesLoaded (0ms)
			ExecutionOrderSort2 (0ms)
			AwakeInstancesAfterBackupRestoration (0ms)
Platform modules already initialized, skipping
Registering precompiled user dll's ...
Registered in 0.018212 seconds.
Begin MonoManager ReloadAssembly
Symbol file LoadedFromMemory doesn't match image C:\Users\Pedro Moura\Documents\ProjetoDV\ProjetoDVUnity\Library\PackageCache\com.unity.visualscripting@1.8.0\Editor\VisualScripting.Core\Dependencies\YamlDotNet\Unity.VisualScripting.YamlDotNet.dll
Symbol file LoadedFromMemory doesn't match image C:\Users\Pedro Moura\Documents\ProjetoDV\ProjetoDVUnity\Library\PackageCache\com.unity.visualscripting@1.8.0\Editor\VisualScripting.Core\Dependencies\DotNetZip\Unity.VisualScripting.IonicZip.dll
Native extension for WindowsStandalone target not found
Native extension for Android target not found
Refreshing native plugins compatible for Editor in 1.58 ms, found 3 plugins.
Preloading 0 native plugins for Editor in 0.00 ms.
Mono: successfully reloaded assembly
- Completed reload, in  4.270 seconds
Domain Reload Profiling:
	ReloadAssembly (4274ms)
		BeginReloadAssembly (422ms)
			ExecutionOrderSort (0ms)
			DisableScriptedObjects (22ms)
			BackupInstance (0ms)
			ReleaseScriptingObjects (0ms)
			CreateAndSetChildDomain (57ms)
		EndReloadAssembly (3431ms)
			LoadAssemblies (322ms)
			RebuildTransferFunctionScriptingTraits (0ms)
			SetupTypeCache (1133ms)
			ReleaseScriptCaches (1ms)
			RebuildScriptCaches (346ms)
			SetupLoadedEditorAssemblies (1299ms)
				LogAssemblyErrors (0ms)
				InitializePlatformSupportModulesInManaged (64ms)
				SetLoadedEditorAssemblies (1ms)
				RefreshPlugins (2ms)
				BeforeProcessingInitializeOnLoad (283ms)
				ProcessInitializeOnLoadAttributes (850ms)
				ProcessInitializeOnLoadMethodAttributes (75ms)
				AfterProcessingInitializeOnLoad (24ms)
				EditorAssembliesLoaded (0ms)
			ExecutionOrderSort2 (0ms)
			AwakeInstancesAfterBackupRestoration (24ms)
Platform modules already initialized, skipping
========================================================================
Worker process is ready to serve import requests
Launched and connected shader compiler UnityShaderCompiler.exe after 0.18 seconds
Refreshing native plugins compatible for Editor in 1.89 ms, found 3 plugins.
Preloading 0 native plugins for Editor in 0.00 ms.
Unloading 3047 Unused Serialized files (Serialized files now loaded: 0)
Unloading 24 unused Assets / (113.4 KB). Loaded Objects now: 3509.
Memory consumption went from 107.5 MB to 107.4 MB.
Total: 16.741400 ms (FindLiveObjects: 1.025900 ms CreateObjectMapping: 1.141500 ms MarkObjects: 14.307800 ms  DeleteObjects: 0.262600 ms)

AssetImportParameters requested are different than current active one (requested -> active):
  custom:video-decoder-ogg-theora: a1e56fd34408186e4bbccfd4996cb3dc -> 
  custom:container-muxer-webm: aa71ff27fc2769a1b78a27578f13a17b -> 
  custom:container-demuxer-webm: 4f35f7cbe854078d1ac9338744f61a02 -> 
  custom:video-encoder-webm-vp8: eb34c28f22e8b96e1ab97ce403110664 -> 
  custom:audio-encoder-webm-vorbis: bf7c407c2cedff20999df2af8eb42d56 -> 
  custom:framework-win-MediaFoundation: 216162199b28c13a410421893ffa2e32 -> 
  custom:container-demuxer-ogg: 62fdf1f143b41e24485cea50d1cbac27 -> 
  custom:video-decoder-webm-vp8: 9c59270c3fd7afecdb556c50c9e8de78 -> 
  custom:audio-decoder-ogg-vorbis: bf7c407c2cedff20999df2af8eb42d56 -> 
========================================================================
Received Import Request.
  Time since last request: 506454.585625 seconds.
  path: Assets/Assets/Ultimate Fantasy RTS - Aug 2022/FBX/Archery_FirstAge_Level2.fbx
  artifactKey: Guid(0d48bed491a86fd42a8ee2581b2d1fbe) Importer(815301076,1909f56bfc062723c751e8b465ee728b)
Start importing Assets/Assets/Ultimate Fantasy RTS - Aug 2022/FBX/Archery_FirstAge_Level2.fbx using Guid(0d48bed491a86fd42a8ee2581b2d1fbe) Importer(815301076,1909f56bfc062723c751e8b465ee728b)  -> (artifact id: '1dd3770fcaf6515e09e20a76ce7cb95e') in 1.480173 seconds 
========================================================================
Received Import Request.
  Time since last request: 0.000094 seconds.
  path: Assets/Assets/Ultimate Fantasy RTS - Aug 2022/FBX/Crate.fbx
  artifactKey: Guid(a2ce5ad4109d09642b55956385000581) Importer(815301076,1909f56bfc062723c751e8b465ee728b)
Start importing Assets/Assets/Ultimate Fantasy RTS - Aug 2022/FBX/Crate.fbx using Guid(a2ce5ad4109d09642b55956385000581) Importer(815301076,1909f56bfc062723c751e8b465ee728b)  -> (artifact id: '1b8beb955ad4fba0eae68da53796fcbf') in 0.079138 seconds 
========================================================================
Received Import Request.
  Time since last request: 0.000085 seconds.
  path: Assets/Assets/Ultimate Fantasy RTS - Aug 2022/FBX/Barracks_FirstAge_Level1.fbx
  artifactKey: Guid(f457febc55db5184a89d18f4ad48a37a) Importer(815301076,1909f56bfc062723c751e8b465ee728b)
Start importing Assets/Assets/Ultimate Fantasy RTS - Aug 2022/FBX/Barracks_FirstAge_Level1.fbx using Guid(f457febc55db5184a89d18f4ad48a37a) Importer(815301076,1909f56bfc062723c751e8b465ee728b)  -> (artifact id: 'c8893bde6bc10c718edd25af1584eb00') in 0.152352 seconds 
========================================================================
Received Import Request.
  Time since last request: 0.000055 seconds.
  path: Assets/Assets/Ultimate Fantasy RTS - Aug 2022/FBX/Farm_Dirt_Level1.fbx
  artifactKey: Guid(0781bbc1d413a4f46acc128025eb0e20) Importer(815301076,1909f56bfc062723c751e8b465ee728b)
Start importing Assets/Assets/Ultimate Fantasy RTS - Aug 2022/FBX/Farm_Dirt_Level1.fbx using Guid(0781bbc1d413a4f46acc128025eb0e20) Importer(815301076,1909f56bfc062723c751e8b465ee728b)  -> (artifact id: 'bffc23d7b33b52ff6c50578c14d0d5bc') in 0.064448 seconds 
========================================================================
Received Import Request.
  Time since last request: 0.000060 seconds.
  path: Assets/Assets/Ultimate Fantasy RTS - Aug 2022/FBX/Archery_FirstAge_Level3.fbx
  artifactKey: Guid(22c1ddb3d3fbc72499f522ecaba53f7b) Importer(815301076,1909f56bfc062723c751e8b465ee728b)
Start importing Assets/Assets/Ultimate Fantasy RTS - Aug 2022/FBX/Archery_FirstAge_Level3.fbx using Guid(22c1ddb3d3fbc72499f522ecaba53f7b) Importer(815301076,1909f56bfc062723c751e8b465ee728b)  -> (artifact id: '58d9dc1e01629fabbbf67b56501a15bb') in 0.123375 seconds 
========================================================================
Received Import Request.
  Time since last request: 0.000127 seconds.
  path: Assets/Assets/Ultimate Fantasy RTS - Aug 2022/FBX/Archery_SecondAge_Level2.fbx
  artifactKey: Guid(c74b33698ae0b5b4a940786a4eeb9783) Importer(815301076,1909f56bfc062723c751e8b465ee728b)
Start importing Assets/Assets/Ultimate Fantasy RTS - Aug 2022/FBX/Archery_SecondAge_Level2.fbx using Guid(c74b33698ae0b5b4a940786a4eeb9783) Importer(815301076,1909f56bfc062723c751e8b465ee728b)  -> (artifact id: '56a5a81a53633e4066d60ecc94b27258') in 0.158283 seconds 
========================================================================
Received Import Request.
  Time since last request: 0.000061 seconds.
  path: Assets/Assets/Ultimate Fantasy RTS - Aug 2022/FBX/Farm_Dirt_Level2.fbx
  artifactKey: Guid(e4f7509a7c0ea6c4a84c41586a8068d3) Importer(815301076,1909f56bfc062723c751e8b465ee728b)
Start importing Assets/Assets/Ultimate Fantasy RTS - Aug 2022/FBX/Farm_Dirt_Level2.fbx using Guid(e4f7509a7c0ea6c4a84c41586a8068d3) Importer(815301076,1909f56bfc062723c751e8b465ee728b)  -> (artifact id: '86ec88d448dcb80053034e730b2fd8d2') in 0.080317 seconds 
========================================================================
Received Import Request.
  Time since last request: 0.000092 seconds.
  path: Assets/Assets/Ultimate Fantasy RTS - Aug 2022/FBX/Archery_SecondAge_Level3.fbx
  artifactKey: Guid(82c2d12e348ffbd459e16adf1e9ba020) Importer(815301076,1909f56bfc062723c751e8b465ee728b)
Start importing Assets/Assets/Ultimate Fantasy RTS - Aug 2022/FBX/Archery_SecondAge_Level3.fbx using Guid(82c2d12e348ffbd459e16adf1e9ba020) Importer(815301076,1909f56bfc062723c751e8b465ee728b)  -> (artifact id: '78996a0baf9c2d1ec21900b65ff5adee') in 0.191001 seconds 
========================================================================
Received Import Request.
  Time since last request: 0.000080 seconds.
  path: Assets/Assets/Ultimate Fantasy RTS - Aug 2022/FBX/Crate_Stack2.fbx
  artifactKey: Guid(e184b78551b2f034e9abe69be08417f8) Importer(815301076,1909f56bfc062723c751e8b465ee728b)
Start importing Assets/Assets/Ultimate Fantasy RTS - Aug 2022/FBX/Crate_Stack2.fbx using Guid(e184b78551b2f034e9abe69be08417f8) Importer(815301076,1909f56bfc062723c751e8b465ee728b)  -> (artifact id: '987786dffea18b9c9d8cbe79745f016e') in 0.094687 seconds 
========================================================================
Received Import Request.
  Time since last request: 0.000056 seconds.
  path: Assets/Assets/Ultimate Fantasy RTS - Aug 2022/FBX/Crate_Stack1.fbx
  artifactKey: Guid(c195b1f4db5cace4eae5463b2a7c6088) Importer(815301076,1909f56bfc062723c751e8b465ee728b)
Start importing Assets/Assets/Ultimate Fantasy RTS - Aug 2022/FBX/Crate_Stack1.fbx using Guid(c195b1f4db5cace4eae5463b2a7c6088) Importer(815301076,1909f56bfc062723c751e8b465ee728b)  -> (artifact id: '8d89fab333a5f83e045db0b1dc0d9b0a') in 0.080110 seconds 
========================================================================
Received Import Request.
  Time since last request: 0.000064 seconds.
  path: Assets/Assets/Ultimate Fantasy RTS - Aug 2022/FBX/Barracks_FirstAge_Level2.fbx
  artifactKey: Guid(c6c7ec7d282723e408a08d20c77b7e5a) Importer(815301076,1909f56bfc062723c751e8b465ee728b)
Start importing Assets/Assets/Ultimate Fantasy RTS - Aug 2022/FBX/Barracks_FirstAge_Level2.fbx using Guid(c6c7ec7d282723e408a08d20c77b7e5a) Importer(815301076,1909f56bfc062723c751e8b465ee728b)  -> (artifact id: '2e40bee28d231d4534c5f8de82b7824a') in 0.136856 seconds 
========================================================================
Received Import Request.
  Time since last request: 0.527344 seconds.
  path: Assets/Assets/Ultimate Fantasy RTS - Aug 2022/FBX/Farm_FirstAge_Level1_Wheat.fbx
  artifactKey: Guid(896f18c13d302bb478d0617ef46f5bfb) Importer(815301076,1909f56bfc062723c751e8b465ee728b)
Start importing Assets/Assets/Ultimate Fantasy RTS - Aug 2022/FBX/Farm_FirstAge_Level1_Wheat.fbx using Guid(896f18c13d302bb478d0617ef46f5bfb) Importer(815301076,1909f56bfc062723c751e8b465ee728b)  -> (artifact id: 'e96c09c9e67378664e73071f5ab7d6ed') in 0.071107 seconds 
========================================================================
Received Import Request.
  Time since last request: 0.000050 seconds.
  path: Assets/Assets/Ultimate Fantasy RTS - Aug 2022/FBX/Farm_FirstAge_Level3.fbx
  artifactKey: Guid(89a3a18e3d6cbd04f896ce51c314fe14) Importer(815301076,1909f56bfc062723c751e8b465ee728b)
Start importing Assets/Assets/Ultimate Fantasy RTS - Aug 2022/FBX/Farm_FirstAge_Level3.fbx using Guid(89a3a18e3d6cbd04f896ce51c314fe14) Importer(815301076,1909f56bfc062723c751e8b465ee728b)  -> (artifact id: 'd67f1732971909475e838805c593659b') in 0.071338 seconds 
========================================================================
Received Import Request.
  Time since last request: 0.000047 seconds.
  path: Assets/Assets/Ultimate Fantasy RTS - Aug 2022/FBX/Farm_FirstAge_Level2.fbx
  artifactKey: Guid(ba6cf2f8b848d724285d58d84d79da2f) Importer(815301076,1909f56bfc062723c751e8b465ee728b)
Start importing Assets/Assets/Ultimate Fantasy RTS - Aug 2022/FBX/Farm_FirstAge_Level2.fbx using Guid(ba6cf2f8b848d724285d58d84d79da2f) Importer(815301076,1909f56bfc062723c751e8b465ee728b)  -> (artifact id: 'd751cc29a71a9feb95317bae5a35cf54') in 0.071197 seconds 
========================================================================
Received Import Request.
  Time since last request: 0.018823 seconds.
  path: Assets/Assets/Ultimate Fantasy RTS - Aug 2022/FBX/Farm_SecondAge_Level1.fbx
  artifactKey: Guid(86711ecf1bc8ded48aff7d219f27d0c3) Importer(815301076,1909f56bfc062723c751e8b465ee728b)
Start importing Assets/Assets/Ultimate Fantasy RTS - Aug 2022/FBX/Farm_SecondAge_Level1.fbx using Guid(86711ecf1bc8ded48aff7d219f27d0c3) Importer(815301076,1909f56bfc062723c751e8b465ee728b)  -> (artifact id: '17ce6a2712f2db6d4d3bfb86db0cb703') in 0.146307 seconds 
========================================================================
Received Import Request.
  Time since last request: 0.000052 seconds.
  path: Assets/Assets/Ultimate Fantasy RTS - Aug 2022/FBX/Farm_SecondAge_Level2.fbx
  artifactKey: Guid(19b0cb9948bfa8545a8f9757214b0193) Importer(815301076,1909f56bfc062723c751e8b465ee728b)
Start importing Assets/Assets/Ultimate Fantasy RTS - Aug 2022/FBX/Farm_SecondAge_Level2.fbx using Guid(19b0cb9948bfa8545a8f9757214b0193) Importer(815301076,1909f56bfc062723c751e8b465ee728b)  -> (artifact id: '72bfc8b9fcba62a70a5c3aa115593e5f') in 0.144448 seconds 
========================================================================
Received Import Request.
  Time since last request: 0.041025 seconds.
  path: Assets/Assets/Ultimate Fantasy RTS - Aug 2022/FBX/Farm_SecondAge_Level3_Wheat.fbx
  artifactKey: Guid(19d754460b201e841a4651e29dec2a9f) Importer(815301076,1909f56bfc062723c751e8b465ee728b)
Start importing Assets/Assets/Ultimate Fantasy RTS - Aug 2022/FBX/Farm_SecondAge_Level3_Wheat.fbx using Guid(19d754460b201e841a4651e29dec2a9f) Importer(815301076,1909f56bfc062723c751e8b465ee728b)  -> (artifact id: '82f994f489eb1c7adf5058878e829f72') in 0.072351 seconds 
========================================================================
Received Import Request.
  Time since last request: 0.000113 seconds.
  path: Assets/Assets/Ultimate Fantasy RTS - Aug 2022/FBX/Houses_FirstAge_2_Level1.fbx
  artifactKey: Guid(13742169936729d46b0f312c8507556b) Importer(815301076,1909f56bfc062723c751e8b465ee728b)
Start importing Assets/Assets/Ultimate Fantasy RTS - Aug 2022/FBX/Houses_FirstAge_2_Level1.fbx using Guid(13742169936729d46b0f312c8507556b) Importer(815301076,1909f56bfc062723c751e8b465ee728b)  -> (artifact id: 'c972b18bf42fcc2f53874b5f082f6901') in 0.097133 seconds 
========================================================================
Received Import Request.
  Time since last request: 0.000106 seconds.
  path: Assets/Assets/Ultimate Fantasy RTS - Aug 2022/FBX/Houses_FirstAge_1_Level3.fbx
  artifactKey: Guid(1d2e50b496f197c45972e5d96e6e3227) Importer(815301076,1909f56bfc062723c751e8b465ee728b)
Start importing Assets/Assets/Ultimate Fantasy RTS - Aug 2022/FBX/Houses_FirstAge_1_Level3.fbx using Guid(1d2e50b496f197c45972e5d96e6e3227) Importer(815301076,1909f56bfc062723c751e8b465ee728b)  -> (artifact id: 'f8029918af22130f380eeaf60f3c27f7') in 0.084919 seconds 
========================================================================
Received Import Request.
  Time since last request: 0.000112 seconds.
  path: Assets/Assets/Ultimate Fantasy RTS - Aug 2022/FBX/Houses_FirstAge_1_Level2.fbx
  artifactKey: Guid(4f3689589544bf64da51092e1b58f1a9) Importer(815301076,1909f56bfc062723c751e8b465ee728b)
Start importing Assets/Assets/Ultimate Fantasy RTS - Aug 2022/FBX/Houses_FirstAge_1_Level2.fbx using Guid(4f3689589544bf64da51092e1b58f1a9) Importer(815301076,1909f56bfc062723c751e8b465ee728b)  -> (artifact id: '41e89349d19c810f640cf4fcbf6128cf') in 0.088423 seconds 
========================================================================
Received Import Request.
  Time since last request: 0.000069 seconds.
  path: Assets/Assets/Ultimate Fantasy RTS - Aug 2022/FBX/Houses_FirstAge_2_Level2.fbx
  artifactKey: Guid(f934b72492d4700459a1b38100b85f17) Importer(815301076,1909f56bfc062723c751e8b465ee728b)
Start importing Assets/Assets/Ultimate Fantasy RTS - Aug 2022/FBX/Houses_FirstAge_2_Level2.fbx using Guid(f934b72492d4700459a1b38100b85f17) Importer(815301076,1909f56bfc062723c751e8b465ee728b)  -> (artifact id: 'd7b9426bfd361c8b325a0df347e0419f') in 0.106503 seconds 
========================================================================
Received Import Request.
  Time since last request: 0.000056 seconds.
  path: Assets/Assets/Ultimate Fantasy RTS - Aug 2022/FBX/Houses_FirstAge_3_Level3.fbx
  artifactKey: Guid(eaffbfac76e51ed4f9d87685d2c15d30) Importer(815301076,1909f56bfc062723c751e8b465ee728b)
Start importing Assets/Assets/Ultimate Fantasy RTS - Aug 2022/FBX/Houses_FirstAge_3_Level3.fbx using Guid(eaffbfac76e51ed4f9d87685d2c15d30) Importer(815301076,1909f56bfc062723c751e8b465ee728b)  -> (artifact id: 'f1db33ed03179a5c982225d4cf807b27') in 0.085525 seconds 
========================================================================
Received Import Request.
  Time since last request: 0.000080 seconds.
  path: Assets/Assets/Ultimate Fantasy RTS - Aug 2022/FBX/Houses_SecondAge_1_Level1.fbx
  artifactKey: Guid(beed8922734a9e349909430f5efa4b10) Importer(815301076,1909f56bfc062723c751e8b465ee728b)
Start importing Assets/Assets/Ultimate Fantasy RTS - Aug 2022/FBX/Houses_SecondAge_1_Level1.fbx using Guid(beed8922734a9e349909430f5efa4b10) Importer(815301076,1909f56bfc062723c751e8b465ee728b)  -> (artifact id: '37857f370ae41f5fa3690cf1ca0bec4a') in 0.118127 seconds 
========================================================================
Received Import Request.
  Time since last request: 0.000102 seconds.
  path: Assets/Assets/Ultimate Fantasy RTS - Aug 2022/FBX/Houses_SecondAge_3_Level2.fbx
  artifactKey: Guid(81c3c10c6dfc7db4fa9eaadfb004da65) Importer(815301076,1909f56bfc062723c751e8b465ee728b)
Start importing Assets/Assets/Ultimate Fantasy RTS - Aug 2022/FBX/Houses_SecondAge_3_Level2.fbx using Guid(81c3c10c6dfc7db4fa9eaadfb004da65) Importer(815301076,1909f56bfc062723c751e8b465ee728b)  -> (artifact id: 'b3744b412a4336067d80479d3aa78585') in 0.126418 seconds 
========================================================================
Received Import Request.
  Time since last request: 0.000073 seconds.
  path: Assets/Assets/Ultimate Fantasy RTS - Aug 2022/FBX/Houses_SecondAge_1_Level2.fbx
  artifactKey: Guid(b9a1285d85dbd0c47b535cf99ae80a80) Importer(815301076,1909f56bfc062723c751e8b465ee728b)
Start importing Assets/Assets/Ultimate Fantasy RTS - Aug 2022/FBX/Houses_SecondAge_1_Level2.fbx using Guid(b9a1285d85dbd0c47b535cf99ae80a80) Importer(815301076,1909f56bfc062723c751e8b465ee728b)  -> (artifact id: '843c42b26f20f7e42894a8e380a4cba6') in 0.136301 seconds 
========================================================================
Received Import Request.
  Time since last request: 0.000095 seconds.
  path: Assets/Assets/Ultimate Fantasy RTS - Aug 2022/FBX/Houses_SecondAge_1_Level3.fbx
  artifactKey: Guid(276fa093db24a6847a50e875dae486a4) Importer(815301076,1909f56bfc062723c751e8b465ee728b)
Start importing Assets/Assets/Ultimate Fantasy RTS - Aug 2022/FBX/Houses_SecondAge_1_Level3.fbx using Guid(276fa093db24a6847a50e875dae486a4) Importer(815301076,1909f56bfc062723c751e8b465ee728b)  -> (artifact id: '46ff99763ba27102619bc65eda8d5b24') in 0.143187 seconds 
========================================================================
Received Import Request.
  Time since last request: 3.566779 seconds.
  path: Assets/Assets/Ultimate Fantasy RTS - Aug 2022/FBX/Resource_PineTree_Group.fbx
  artifactKey: Guid(56495503f1970864eb8d67339f61fde9) Importer(815301076,1909f56bfc062723c751e8b465ee728b)
Start importing Assets/Assets/Ultimate Fantasy RTS - Aug 2022/FBX/Resource_PineTree_Group.fbx using Guid(56495503f1970864eb8d67339f61fde9) Importer(815301076,1909f56bfc062723c751e8b465ee728b)  -> (artifact id: '7071a2f4cd0f4c327a59d7c2ca5f84b6') in 0.129549 seconds 
========================================================================
Received Import Request.
  Time since last request: 0.000064 seconds.
  path: Assets/Assets/Ultimate Fantasy RTS - Aug 2022/FBX/Resource_Rock_1.fbx
  artifactKey: Guid(181c5c4a996a893419e43e8c7bb00ad7) Importer(815301076,1909f56bfc062723c751e8b465ee728b)
Start importing Assets/Assets/Ultimate Fantasy RTS - Aug 2022/FBX/Resource_Rock_1.fbx using Guid(181c5c4a996a893419e43e8c7bb00ad7) Importer(815301076,1909f56bfc062723c751e8b465ee728b)  -> (artifact id: '319a0555da9d0043a6fbf17876a10a26') in 0.073738 seconds 
========================================================================
Received Import Request.
  Time since last request: 0.000066 seconds.
  path: Assets/Assets/Ultimate Fantasy RTS - Aug 2022/FBX/Resource_Tree2.fbx
  artifactKey: Guid(568fe537b204668448fcafe9d5ee1c62) Importer(815301076,1909f56bfc062723c751e8b465ee728b)
Start importing Assets/Assets/Ultimate Fantasy RTS - Aug 2022/FBX/Resource_Tree2.fbx using Guid(568fe537b204668448fcafe9d5ee1c62) Importer(815301076,1909f56bfc062723c751e8b465ee728b)  -> (artifact id: 'd18851198b75dbf74a3ecd2a4e04be33') in 0.080253 seconds 
========================================================================
Received Import Request.
  Time since last request: 0.000100 seconds.
  path: Assets/Assets/Ultimate Fantasy RTS - Aug 2022/FBX/Windmill_SecondAge.fbx
  artifactKey: Guid(0cd9f2d303456e34b912e4543b8d4f15) Importer(815301076,1909f56bfc062723c751e8b465ee728b)
Start importing Assets/Assets/Ultimate Fantasy RTS - Aug 2022/FBX/Windmill_SecondAge.fbx using Guid(0cd9f2d303456e34b912e4543b8d4f15) Importer(815301076,1909f56bfc062723c751e8b465ee728b)  -> (artifact id: 'ec7b5793f0535e26f50847fcd39fed93') in 0.154136 seconds 
========================================================================
Received Import Request.
  Time since last request: 0.000065 seconds.
  path: Assets/Assets/Ultimate Fantasy RTS - Aug 2022/FBX/WatchTower_FirstAge_Level2.fbx
  artifactKey: Guid(e140d6016f545314983e040461cd83fc) Importer(815301076,1909f56bfc062723c751e8b465ee728b)
Start importing Assets/Assets/Ultimate Fantasy RTS - Aug 2022/FBX/WatchTower_FirstAge_Level2.fbx using Guid(e140d6016f545314983e040461cd83fc) Importer(815301076,1909f56bfc062723c751e8b465ee728b)  -> (artifact id: 'c941f069f85f02fe1b73fbaff47a4ca7') in 0.098478 seconds 
========================================================================
Received Import Request.
  Time since last request: 0.000066 seconds.
  path: Assets/Assets/Ultimate Fantasy RTS - Aug 2022/FBX/TownCenter_FirstAge_Level1.fbx
  artifactKey: Guid(5ff0108ba2d187842b831b52fed52371) Importer(815301076,1909f56bfc062723c751e8b465ee728b)
Start importing Assets/Assets/Ultimate Fantasy RTS - Aug 2022/FBX/TownCenter_FirstAge_Level1.fbx using Guid(5ff0108ba2d187842b831b52fed52371) Importer(815301076,1909f56bfc062723c751e8b465ee728b)  -> (artifact id: '3a92daad29e5ca47ae99cf934c7e7791') in 0.085249 seconds 
========================================================================
Received Import Request.
  Time since last request: 0.000103 seconds.
  path: Assets/Assets/Ultimate Fantasy RTS - Aug 2022/FBX/Storage_SecondAge_Level1.fbx
  artifactKey: Guid(5ea04427328a0094892f80f9c8ff2690) Importer(815301076,1909f56bfc062723c751e8b465ee728b)
Start importing Assets/Assets/Ultimate Fantasy RTS - Aug 2022/FBX/Storage_SecondAge_Level1.fbx using Guid(5ea04427328a0094892f80f9c8ff2690) Importer(815301076,1909f56bfc062723c751e8b465ee728b)  -> (artifact id: 'ca939d63a6b3a0a28af7bd1e12a0bd03') in 0.167655 seconds 
========================================================================
Received Import Request.
  Time since last request: 0.000067 seconds.
  path: Assets/Assets/Ultimate Fantasy RTS - Aug 2022/FBX/Resource_PineTree_Group_Cut.fbx
  artifactKey: Guid(3c9695541cbb6c847852a9b2832b16d4) Importer(815301076,1909f56bfc062723c751e8b465ee728b)
Start importing Assets/Assets/Ultimate Fantasy RTS - Aug 2022/FBX/Resource_PineTree_Group_Cut.fbx using Guid(3c9695541cbb6c847852a9b2832b16d4) Importer(815301076,1909f56bfc062723c751e8b465ee728b)  -> (artifact id: '5dfe114f7a293093cead6cac0db06325') in 0.078971 seconds 
========================================================================
Received Import Request.
  Time since last request: 0.000069 seconds.
  path: Assets/Assets/Ultimate Fantasy RTS - Aug 2022/FBX/WatchTower_FirstAge_Level3.fbx
  artifactKey: Guid(430044a4c5f38b848a540d822f7f9cf6) Importer(815301076,1909f56bfc062723c751e8b465ee728b)
Start importing Assets/Assets/Ultimate Fantasy RTS - Aug 2022/FBX/WatchTower_FirstAge_Level3.fbx using Guid(430044a4c5f38b848a540d822f7f9cf6) Importer(815301076,1909f56bfc062723c751e8b465ee728b)  -> (artifact id: '7baee78f85f4a781eea82103263aea61') in 0.092500 seconds 
========================================================================
Received Import Request.
  Time since last request: 0.000090 seconds.
  path: Assets/Assets/Ultimate Fantasy RTS - Aug 2022/FBX/Temple_SecondAge_Level2.fbx
  artifactKey: Guid(10dee1cc14a98e244a793a572a8b5015) Importer(815301076,1909f56bfc062723c751e8b465ee728b)
Start importing Assets/Assets/Ultimate Fantasy RTS - Aug 2022/FBX/Temple_SecondAge_Level2.fbx using Guid(10dee1cc14a98e244a793a572a8b5015) Importer(815301076,1909f56bfc062723c751e8b465ee728b)  -> (artifact id: '183e12fc0b0dd367e5b207466199ed85') in 0.100287 seconds 
========================================================================
Received Import Request.
  Time since last request: 0.000149 seconds.
  path: Assets/Assets/Ultimate Fantasy RTS - Aug 2022/FBX/TownCenter_FirstAge_Level3.fbx
  artifactKey: Guid(0f730e820ded3b444964547cfcfc7b95) Importer(815301076,1909f56bfc062723c751e8b465ee728b)
Start importing Assets/Assets/Ultimate Fantasy RTS - Aug 2022/FBX/TownCenter_FirstAge_Level3.fbx using Guid(0f730e820ded3b444964547cfcfc7b95) Importer(815301076,1909f56bfc062723c751e8b465ee728b)  -> (artifact id: '3cb6b415d1bb020736cb6e3a0aa700a8') in 0.107447 seconds 
========================================================================
Received Import Request.
  Time since last request: 0.000054 seconds.
  path: Assets/Assets/Ultimate Fantasy RTS - Aug 2022/FBX/Resource_Rock_2.fbx
  artifactKey: Guid(491f4207494b7ca4e996e7d90a623053) Importer(815301076,1909f56bfc062723c751e8b465ee728b)
Start importing Assets/Assets/Ultimate Fantasy RTS - Aug 2022/FBX/Resource_Rock_2.fbx using Guid(491f4207494b7ca4e996e7d90a623053) Importer(815301076,1909f56bfc062723c751e8b465ee728b)  -> (artifact id: 'af423675a2fcc9c9a9ecdef8567ebf81') in 0.080030 seconds 
========================================================================
Received Import Request.
  Time since last request: 0.000080 seconds.
  path: Assets/Assets/Ultimate Fantasy RTS - Aug 2022/FBX/TownCenter_SecondAge_Level2.fbx
  artifactKey: Guid(8f5ba5b267de8a641a92b8b9a00f489d) Importer(815301076,1909f56bfc062723c751e8b465ee728b)
Start importing Assets/Assets/Ultimate Fantasy RTS - Aug 2022/FBX/TownCenter_SecondAge_Level2.fbx using Guid(8f5ba5b267de8a641a92b8b9a00f489d) Importer(815301076,1909f56bfc062723c751e8b465ee728b)  -> (artifact id: '5219a5222aa4b9fb14a941018a95a449') in 0.098098 seconds 
========================================================================
Received Import Request.
  Time since last request: 0.000056 seconds.
  path: Assets/Assets/Ultimate Fantasy RTS - Aug 2022/FBX/Storage_FirstAge_Level1.fbx
  artifactKey: Guid(e24b8f2c79c07c741afcfdd661cde389) Importer(815301076,1909f56bfc062723c751e8b465ee728b)
Start importing Assets/Assets/Ultimate Fantasy RTS - Aug 2022/FBX/Storage_FirstAge_Level1.fbx using Guid(e24b8f2c79c07c741afcfdd661cde389) Importer(815301076,1909f56bfc062723c751e8b465ee728b)  -> (artifact id: '6a89c8d44bd2a22edabcf3eeabd9a0f1') in 0.087233 seconds 
========================================================================
Received Import Request.
  Time since last request: 0.000077 seconds.
  path: Assets/Assets/Ultimate Fantasy RTS - Aug 2022/FBX/WallTowers_SecondAge.fbx
  artifactKey: Guid(4b1a19bf48fba2446bd4786b639cf1d8) Importer(815301076,1909f56bfc062723c751e8b465ee728b)
Start importing Assets/Assets/Ultimate Fantasy RTS - Aug 2022/FBX/WallTowers_SecondAge.fbx using Guid(4b1a19bf48fba2446bd4786b639cf1d8) Importer(815301076,1909f56bfc062723c751e8b465ee728b)  -> (artifact id: 'fc3757aecd04ab989f5bf940d4f1400d') in 0.111271 seconds 
========================================================================
Received Import Request.
  Time since last request: 0.000106 seconds.
  path: Assets/Assets/Ultimate Fantasy RTS - Aug 2022/FBX/Wall_FirstAge.fbx
  artifactKey: Guid(e560b457a2c3af74aabb62b1cf585722) Importer(815301076,1909f56bfc062723c751e8b465ee728b)
Start importing Assets/Assets/Ultimate Fantasy RTS - Aug 2022/FBX/Wall_FirstAge.fbx using Guid(e560b457a2c3af74aabb62b1cf585722) Importer(815301076,1909f56bfc062723c751e8b465ee728b)  -> (artifact id: '1476c81b46c917ef5a6c96b6c0ad1f63') in 0.082195 seconds 
========================================================================
Received Import Request.
  Time since last request: 0.000057 seconds.
  path: Assets/Assets/Ultimate Fantasy RTS - Aug 2022/FBX/TownCenter_SecondAge_Level1.fbx
  artifactKey: Guid(a7e1c3014fcd8134a90ddf57297cc5cb) Importer(815301076,1909f56bfc062723c751e8b465ee728b)
Start importing Assets/Assets/Ultimate Fantasy RTS - Aug 2022/FBX/TownCenter_SecondAge_Level1.fbx using Guid(a7e1c3014fcd8134a90ddf57297cc5cb) Importer(815301076,1909f56bfc062723c751e8b465ee728b)  -> (artifact id: 'a87b8106d99075d23900df5b329a90c2') in 0.091959 seconds 
========================================================================
Received Import Request.
  Time since last request: 0.000060 seconds.
  path: Assets/Assets/Ultimate Fantasy RTS - Aug 2022/FBX/Temple_SecondAge_Level3.fbx
  artifactKey: Guid(9df6cfb2378eee64f9fb6c2f0fddeba5) Importer(815301076,1909f56bfc062723c751e8b465ee728b)
Start importing Assets/Assets/Ultimate Fantasy RTS - Aug 2022/FBX/Temple_SecondAge_Level3.fbx using Guid(9df6cfb2378eee64f9fb6c2f0fddeba5) Importer(815301076,1909f56bfc062723c751e8b465ee728b)  -> (artifact id: '5103611c693308f7c1b937e02ad95d6c') in 0.093797 seconds 
========================================================================
Received Import Request.
  Time since last request: 0.000067 seconds.
  path: Assets/Assets/Ultimate Fantasy RTS - Aug 2022/FBX/Windmill_FirstAge.fbx
  artifactKey: Guid(633235c519d4047408db4c98cce4c58e) Importer(815301076,1909f56bfc062723c751e8b465ee728b)
Start importing Assets/Assets/Ultimate Fantasy RTS - Aug 2022/FBX/Windmill_FirstAge.fbx using Guid(633235c519d4047408db4c98cce4c58e) Importer(815301076,1909f56bfc062723c751e8b465ee728b)  -> (artifact id: '0ee2752b1a87696465a610aa8e62c359') in 0.124328 seconds 
========================================================================
Received Import Request.
  Time since last request: 0.000116 seconds.
  path: Assets/Assets/Ultimate Fantasy RTS - Aug 2022/FBX/Storage_FirstAge_Leve3.fbx
  artifactKey: Guid(523656188716fc24b806184735f4006c) Importer(815301076,1909f56bfc062723c751e8b465ee728b)
Start importing Assets/Assets/Ultimate Fantasy RTS - Aug 2022/FBX/Storage_FirstAge_Leve3.fbx using Guid(523656188716fc24b806184735f4006c) Importer(815301076,1909f56bfc062723c751e8b465ee728b)  -> (artifact id: '6267357b525fdb4b154205c437593a54') in 0.079412 seconds 
========================================================================
Received Import Request.
  Time since last request: 0.000060 seconds.
  path: Assets/Assets/Ultimate Fantasy RTS - Aug 2022/FBX/Storage_SecondAge_Level3.fbx
  artifactKey: Guid(026e318d54ccd6c4db06270bcb6251ea) Importer(815301076,1909f56bfc062723c751e8b465ee728b)
Start importing Assets/Assets/Ultimate Fantasy RTS - Aug 2022/FBX/Storage_SecondAge_Level3.fbx using Guid(026e318d54ccd6c4db06270bcb6251ea) Importer(815301076,1909f56bfc062723c751e8b465ee728b)  -> (artifact id: 'f56517e4fd160f13679ff968a27e716f') in 0.160045 seconds 
========================================================================
Received Import Request.
  Time since last request: 0.000250 seconds.
  path: Assets/Assets/Ultimate Fantasy RTS - Aug 2022/FBX/Rock.fbx
  artifactKey: Guid(c46ddc86f25570a488b4ea83c92b6b68) Importer(815301076,1909f56bfc062723c751e8b465ee728b)
Start importing Assets/Assets/Ultimate Fantasy RTS - Aug 2022/FBX/Rock.fbx using Guid(c46ddc86f25570a488b4ea83c92b6b68) Importer(815301076,1909f56bfc062723c751e8b465ee728b)  -> (artifact id: 'edd728546c73860b96404968ce04c40f') in 0.077531 seconds 
========================================================================
Received Import Request.
  Time since last request: 0.000071 seconds.
  path: Assets/Assets/Ultimate Fantasy RTS - Aug 2022/FBX/TowerHouse_SecondAge.fbx
  artifactKey: Guid(eac664234706b6f4f8f23b8a65e6dd19) Importer(815301076,1909f56bfc062723c751e8b465ee728b)
Start importing Assets/Assets/Ultimate Fantasy RTS - Aug 2022/FBX/TowerHouse_SecondAge.fbx using Guid(eac664234706b6f4f8f23b8a65e6dd19) Importer(815301076,1909f56bfc062723c751e8b465ee728b)  -> (artifact id: '33823643dd7c16314028a9d6e1e54d1d') in 0.176135 seconds 
========================================================================
Received Import Request.
  Time since last request: 0.000067 seconds.
  path: Assets/Assets/Ultimate Fantasy RTS - Aug 2022/FBX/WatchTower_SecondAge_Level1.fbx
  artifactKey: Guid(76c511d03b543134eabbec64fb233170) Importer(815301076,1909f56bfc062723c751e8b465ee728b)
Start importing Assets/Assets/Ultimate Fantasy RTS - Aug 2022/FBX/WatchTower_SecondAge_Level1.fbx using Guid(76c511d03b543134eabbec64fb233170) Importer(815301076,1909f56bfc062723c751e8b465ee728b)  -> (artifact id: '50103479a344323da4c81eb23162009e') in 0.131802 seconds 
========================================================================
Received Import Request.
  Time since last request: 5.506114 seconds.
  path: Assets/Assets/Ultimate Fantasy RTS - Aug 2022/FBX/Wonder_SecondAge_Level1.fbx
  artifactKey: Guid(9635c84eeec6dfb448f663590b864e27) Importer(815301076,1909f56bfc062723c751e8b465ee728b)
Start importing Assets/Assets/Ultimate Fantasy RTS - Aug 2022/FBX/Wonder_SecondAge_Level1.fbx using Guid(9635c84eeec6dfb448f663590b864e27) Importer(815301076,1909f56bfc062723c751e8b465ee728b)  -> (artifact id: '2df489c0b2c07e924e09b9b2d32b6730') in 0.121793 seconds 
========================================================================
Received Import Request.
  Time since last request: 0.000076 seconds.
  path: Assets/Assets/Ultimate Fantasy RTS - Aug 2022/FBX/Wonder_SecondAge_Level2.fbx
  artifactKey: Guid(50136cfc36deadd4ea3d06aa03573c0c) Importer(815301076,1909f56bfc062723c751e8b465ee728b)
Start importing Assets/Assets/Ultimate Fantasy RTS - Aug 2022/FBX/Wonder_SecondAge_Level2.fbx using Guid(50136cfc36deadd4ea3d06aa03573c0c) Importer(815301076,1909f56bfc062723c751e8b465ee728b)  -> (artifact id: '5de95052b106024766636a151afd4d23') in 0.110181 seconds 
========================================================================
Received Import Request.
  Time since last request: 0.000076 seconds.
  path: Assets/Assets/Ultimate Fantasy RTS - Aug 2022/FBX/WonderWalls_SecondAge.fbx
  artifactKey: Guid(c9706d0407d849b45a3a25fb455bddba) Importer(815301076,1909f56bfc062723c751e8b465ee728b)
Start importing Assets/Assets/Ultimate Fantasy RTS - Aug 2022/FBX/WonderWalls_SecondAge.fbx using Guid(c9706d0407d849b45a3a25fb455bddba) Importer(815301076,1909f56bfc062723c751e8b465ee728b)  -> (artifact id: '4ac38193dedc91aa309f9685fd860e6c') in 0.093080 seconds 
========================================================================
Received Import Request.
  Time since last request: 6.443622 seconds.
  path: Assets/Assets/Ultimate Fantasy RTS - Aug 2022/OBJ/Archery_FirstAge_Level3.obj
  artifactKey: Guid(0ac42aeae393fa540a10e9296513b051) Importer(815301076,1909f56bfc062723c751e8b465ee728b)
Start importing Assets/Assets/Ultimate Fantasy RTS - Aug 2022/OBJ/Archery_FirstAge_Level3.obj using Guid(0ac42aeae393fa540a10e9296513b051) Importer(815301076,1909f56bfc062723c751e8b465ee728b)  -> (artifact id: 'b4910ba6bf3b59b4906f9576caff652d') in 0.152629 seconds 
========================================================================
Received Import Request.
  Time since last request: 0.000074 seconds.
  path: Assets/Assets/Ultimate Fantasy RTS - Aug 2022/OBJ/Crate.obj
  artifactKey: Guid(f652ef739618e3b40948785e8c24a33c) Importer(815301076,1909f56bfc062723c751e8b465ee728b)
Start importing Assets/Assets/Ultimate Fantasy RTS - Aug 2022/OBJ/Crate.obj using Guid(f652ef739618e3b40948785e8c24a33c) Importer(815301076,1909f56bfc062723c751e8b465ee728b)  -> (artifact id: '403c6200f3699ed7f42f8b63a159520d') in 0.103304 seconds 
========================================================================
Received Import Request.
  Time since last request: 0.000086 seconds.
  path: Assets/Assets/Ultimate Fantasy RTS - Aug 2022/OBJ/Archery_SecondAge_Level3.obj
  artifactKey: Guid(82c74c36301e5c54b926def6db8b1206) Importer(815301076,1909f56bfc062723c751e8b465ee728b)
Start importing Assets/Assets/Ultimate Fantasy RTS - Aug 2022/OBJ/Archery_SecondAge_Level3.obj using Guid(82c74c36301e5c54b926def6db8b1206) Importer(815301076,1909f56bfc062723c751e8b465ee728b)  -> (artifact id: '232ae4ac42a82c3aecb62ad91f194045') in 0.178137 seconds 
========================================================================
Received Import Request.
  Time since last request: 0.000085 seconds.
  path: Assets/Assets/Ultimate Fantasy RTS - Aug 2022/OBJ/Barracks_FirstAge_Level3.obj
  artifactKey: Guid(427079589873e7547a1f7536250bd522) Importer(815301076,1909f56bfc062723c751e8b465ee728b)
Start importing Assets/Assets/Ultimate Fantasy RTS - Aug 2022/OBJ/Barracks_FirstAge_Level3.obj using Guid(427079589873e7547a1f7536250bd522) Importer(815301076,1909f56bfc062723c751e8b465ee728b)  -> (artifact id: '6a67702b800cf86ce9275d7dccf8d0a8') in 0.163814 seconds 
========================================================================
Received Import Request.
  Time since last request: 0.000078 seconds.
  path: Assets/Assets/Ultimate Fantasy RTS - Aug 2022/OBJ/Farm_Dirt_Level1.obj
  artifactKey: Guid(48e1c8b049838794093242c3913d1ae1) Importer(815301076,1909f56bfc062723c751e8b465ee728b)
Start importing Assets/Assets/Ultimate Fantasy RTS - Aug 2022/OBJ/Farm_Dirt_Level1.obj using Guid(48e1c8b049838794093242c3913d1ae1) Importer(815301076,1909f56bfc062723c751e8b465ee728b)  -> (artifact id: '465743e7a5829a1ff8b6e54e7f7db3d1') in 0.072904 seconds 
========================================================================
Received Import Request.
  Time since last request: 0.000109 seconds.
  path: Assets/Assets/Ultimate Fantasy RTS - Aug 2022/OBJ/Farm_FirstAge_Level2.obj
  artifactKey: Guid(f8ab0b95f69c9eb4191d091978eb02c4) Importer(815301076,1909f56bfc062723c751e8b465ee728b)
Start importing Assets/Assets/Ultimate Fantasy RTS - Aug 2022/OBJ/Farm_FirstAge_Level2.obj using Guid(f8ab0b95f69c9eb4191d091978eb02c4) Importer(815301076,1909f56bfc062723c751e8b465ee728b)  -> (artifact id: 'e32ee107f6ff6ee4647e59bbee7f57d6') in 0.071377 seconds 
========================================================================
Received Import Request.
  Time since last request: 0.000051 seconds.
  path: Assets/Assets/Ultimate Fantasy RTS - Aug 2022/OBJ/Archery_SecondAge_Level1.obj
  artifactKey: Guid(2b6d4fe6b066a89479c01ab1ca31480c) Importer(815301076,1909f56bfc062723c751e8b465ee728b)
Start importing Assets/Assets/Ultimate Fantasy RTS - Aug 2022/OBJ/Archery_SecondAge_Level1.obj using Guid(2b6d4fe6b066a89479c01ab1ca31480c) Importer(815301076,1909f56bfc062723c751e8b465ee728b)  -> (artifact id: '3633694300fd0874efb55e0b5ae89559') in 0.156485 seconds 
========================================================================
Received Import Request.
  Time since last request: 0.000073 seconds.
  path: Assets/Assets/Ultimate Fantasy RTS - Aug 2022/OBJ/Barracks_SecondAge_Level2.obj
  artifactKey: Guid(a207aef80b13f3d479883dbe0506b5e0) Importer(815301076,1909f56bfc062723c751e8b465ee728b)
Start importing Assets/Assets/Ultimate Fantasy RTS - Aug 2022/OBJ/Barracks_SecondAge_Level2.obj using Guid(a207aef80b13f3d479883dbe0506b5e0) Importer(815301076,1909f56bfc062723c751e8b465ee728b)  -> (artifact id: '018c4161410caf05863f31899609e01c') in 0.171100 seconds 
========================================================================
Received Import Request.
  Time since last request: 8.438334 seconds.
  path: Assets/Assets/Ultimate Fantasy RTS - Aug 2022/OBJ/Farm_FirstAge_Level3_Wheat.obj
  artifactKey: Guid(a900b23177addf440b985da4fc604b1e) Importer(815301076,1909f56bfc062723c751e8b465ee728b)
Start importing Assets/Assets/Ultimate Fantasy RTS - Aug 2022/OBJ/Farm_FirstAge_Level3_Wheat.obj using Guid(a900b23177addf440b985da4fc604b1e) Importer(815301076,1909f56bfc062723c751e8b465ee728b)  -> (artifact id: 'a30bb298fa4c905b0dfb23d7921107ad') in 0.087001 seconds 
========================================================================
Received Import Request.
  Time since last request: 0.000064 seconds.
  path: Assets/Assets/Ultimate Fantasy RTS - Aug 2022/OBJ/Houses_SecondAge_1_Level3.obj
  artifactKey: Guid(97d46860fb6f39440b2ecb0bf70a954a) Importer(815301076,1909f56bfc062723c751e8b465ee728b)
Start importing Assets/Assets/Ultimate Fantasy RTS - Aug 2022/OBJ/Houses_SecondAge_1_Level3.obj using Guid(97d46860fb6f39440b2ecb0bf70a954a) Importer(815301076,1909f56bfc062723c751e8b465ee728b)  -> (artifact id: '733ea4b4d2c47de236848ed09142408b') in 0.150125 seconds 
========================================================================
Received Import Request.
  Time since last request: 0.000091 seconds.
  path: Assets/Assets/Ultimate Fantasy RTS - Aug 2022/OBJ/Houses_SecondAge_3_Level1.obj
  artifactKey: Guid(39091db90f39bc642a63d0c426eb14bf) Importer(815301076,1909f56bfc062723c751e8b465ee728b)
Start importing Assets/Assets/Ultimate Fantasy RTS - Aug 2022/OBJ/Houses_SecondAge_3_Level1.obj using Guid(39091db90f39bc642a63d0c426eb14bf) Importer(815301076,1909f56bfc062723c751e8b465ee728b)  -> (artifact id: '283f8d6948b762002ca8f337db46a095') in 0.124031 seconds 
========================================================================
Received Import Request.
  Time since last request: 0.000082 seconds.
  path: Assets/Assets/Ultimate Fantasy RTS - Aug 2022/OBJ/Houses_FirstAge_3_Level2.obj
  artifactKey: Guid(fbc1925ec2d18314ab7d8a6ce0c5853f) Importer(815301076,1909f56bfc062723c751e8b465ee728b)
Start importing Assets/Assets/Ultimate Fantasy RTS - Aug 2022/OBJ/Houses_FirstAge_3_Level2.obj using Guid(fbc1925ec2d18314ab7d8a6ce0c5853f) Importer(815301076,1909f56bfc062723c751e8b465ee728b)  -> (artifact id: '1d88a205b7488c094b98aee67615cec4') in 0.100934 seconds 
========================================================================
Received Import Request.
  Time since last request: 0.000068 seconds.
  path: Assets/Assets/Ultimate Fantasy RTS - Aug 2022/OBJ/Market_FirstAge_Level2.obj
  artifactKey: Guid(6c350d1a76bb5d048bbf6bb33fb99ee9) Importer(815301076,1909f56bfc062723c751e8b465ee728b)
Start importing Assets/Assets/Ultimate Fantasy RTS - Aug 2022/OBJ/Market_FirstAge_Level2.obj using Guid(6c350d1a76bb5d048bbf6bb33fb99ee9) Importer(815301076,1909f56bfc062723c751e8b465ee728b)  -> (artifact id: '8f12f43c8fd1d85da3f87163847b4d35') in 0.168902 seconds 
========================================================================
Received Import Request.
  Time since last request: 0.000111 seconds.
  path: Assets/Assets/Ultimate Fantasy RTS - Aug 2022/OBJ/Houses_FirstAge_2_Level2.obj
  artifactKey: Guid(48d54ec2c5a4f2642941e91ee6c62391) Importer(815301076,1909f56bfc062723c751e8b465ee728b)
Start importing Assets/Assets/Ultimate Fantasy RTS - Aug 2022/OBJ/Houses_FirstAge_2_Level2.obj using Guid(48d54ec2c5a4f2642941e91ee6c62391) Importer(815301076,1909f56bfc062723c751e8b465ee728b)  -> (artifact id: '6bdbf5cc5f5db5977558489f22159cc3') in 0.100917 seconds 
========================================================================
Received Import Request.
  Time since last request: 0.000143 seconds.
  path: Assets/Assets/Ultimate Fantasy RTS - Aug 2022/OBJ/Farm_SecondAge_Level3.obj
  artifactKey: Guid(e7e5451540af8cf4cb41cc049f747554) Importer(815301076,1909f56bfc062723c751e8b465ee728b)
Start importing Assets/Assets/Ultimate Fantasy RTS - Aug 2022/OBJ/Farm_SecondAge_Level3.obj using Guid(e7e5451540af8cf4cb41cc049f747554) Importer(815301076,1909f56bfc062723c751e8b465ee728b)  -> (artifact id: '1fa0283c19dc64a2b7e902f3586e13b9') in 0.149025 seconds 
========================================================================
Received Import Request.
  Time since last request: 0.000068 seconds.
  path: Assets/Assets/Ultimate Fantasy RTS - Aug 2022/OBJ/Houses_FirstAge_3_Level1.obj
  artifactKey: Guid(e426a0b0e7538b74489f301672d03489) Importer(815301076,1909f56bfc062723c751e8b465ee728b)
Start importing Assets/Assets/Ultimate Fantasy RTS - Aug 2022/OBJ/Houses_FirstAge_3_Level1.obj using Guid(e426a0b0e7538b74489f301672d03489) Importer(815301076,1909f56bfc062723c751e8b465ee728b)  -> (artifact id: '7f4bf4c2d1d7693a5f116992a1ed265e') in 0.081204 seconds 
========================================================================
Received Import Request.
  Time since last request: 0.000087 seconds.
  path: Assets/Assets/Ultimate Fantasy RTS - Aug 2022/OBJ/Market_SecondAge_Level2.obj
  artifactKey: Guid(b5fc18335d1f37e41849367a994aeb00) Importer(815301076,1909f56bfc062723c751e8b465ee728b)
Start importing Assets/Assets/Ultimate Fantasy RTS - Aug 2022/OBJ/Market_SecondAge_Level2.obj using Guid(b5fc18335d1f37e41849367a994aeb00) Importer(815301076,1909f56bfc062723c751e8b465ee728b)  -> (artifact id: '97d209582e6f19f4c58df77847ff36cd') in 0.172554 seconds 
========================================================================
Received Import Request.
  Time since last request: 0.000150 seconds.
  path: Assets/Assets/Ultimate Fantasy RTS - Aug 2022/OBJ/Houses_SecondAge_3_Level3.obj
  artifactKey: Guid(8ccb5a65bbd2d304a8661f8396da6b06) Importer(815301076,1909f56bfc062723c751e8b465ee728b)
Start importing Assets/Assets/Ultimate Fantasy RTS - Aug 2022/OBJ/Houses_SecondAge_3_Level3.obj using Guid(8ccb5a65bbd2d304a8661f8396da6b06) Importer(815301076,1909f56bfc062723c751e8b465ee728b)  -> (artifact id: 'f58efc3daa77d6bdca62395f1e145822') in 0.132487 seconds 
========================================================================
Received Import Request.
  Time since last request: 0.000068 seconds.
  path: Assets/Assets/Ultimate Fantasy RTS - Aug 2022/OBJ/Mountain_Group_1.obj
  artifactKey: Guid(152d2f18badafab448a8ae641e34d088) Importer(815301076,1909f56bfc062723c751e8b465ee728b)
Start importing Assets/Assets/Ultimate Fantasy RTS - Aug 2022/OBJ/Mountain_Group_1.obj using Guid(152d2f18badafab448a8ae641e34d088) Importer(815301076,1909f56bfc062723c751e8b465ee728b)  -> (artifact id: '6fdd51efa097ff2869d409fadaf2febc') in 0.111009 seconds 
========================================================================
Received Import Request.
  Time since last request: 0.000067 seconds.
  path: Assets/Assets/Ultimate Fantasy RTS - Aug 2022/OBJ/Houses_SecondAge_1_Level2.obj
  artifactKey: Guid(02c07507d5e90dc4f9b35654b19f9bff) Importer(815301076,1909f56bfc062723c751e8b465ee728b)
Start importing Assets/Assets/Ultimate Fantasy RTS - Aug 2022/OBJ/Houses_SecondAge_1_Level2.obj using Guid(02c07507d5e90dc4f9b35654b19f9bff) Importer(815301076,1909f56bfc062723c751e8b465ee728b)  -> (artifact id: 'b0aa8bc5f09db7f533fb467c300f8383') in 0.108252 seconds 
========================================================================
Received Import Request.
  Time since last request: 0.674818 seconds.
  path: Assets/Assets/Ultimate Fantasy RTS - Aug 2022/OBJ/MountainLarge_Single.obj
  artifactKey: Guid(a9d066df5e0dae74ea7cab364d3204e5) Importer(815301076,1909f56bfc062723c751e8b465ee728b)
Start importing Assets/Assets/Ultimate Fantasy RTS - Aug 2022/OBJ/MountainLarge_Single.obj using Guid(a9d066df5e0dae74ea7cab364d3204e5) Importer(815301076,1909f56bfc062723c751e8b465ee728b)  -> (artifact id: '695e8638e52d8b6ad0d44729b303c918') in 0.109196 seconds 
========================================================================
Received Import Request.
  Time since last request: 0.000070 seconds.
  path: Assets/Assets/Ultimate Fantasy RTS - Aug 2022/OBJ/Port_FirstAge_Level3.obj
  artifactKey: Guid(a20f6365a7005264caee02a963a26d77) Importer(815301076,1909f56bfc062723c751e8b465ee728b)
Start importing Assets/Assets/Ultimate Fantasy RTS - Aug 2022/OBJ/Port_FirstAge_Level3.obj using Guid(a20f6365a7005264caee02a963a26d77) Importer(815301076,1909f56bfc062723c751e8b465ee728b)  -> (artifact id: '47c6ec2086f2e564d976445c78f5c92d') in 0.130196 seconds 
========================================================================
Received Import Request.
  Time since last request: 0.359631 seconds.
  path: Assets/Assets/Ultimate Fantasy RTS - Aug 2022/OBJ/Port_SecondAge_Level3.obj
  artifactKey: Guid(2917a233f2183d7498e041cf8110fe82) Importer(815301076,1909f56bfc062723c751e8b465ee728b)
Start importing Assets/Assets/Ultimate Fantasy RTS - Aug 2022/OBJ/Port_SecondAge_Level3.obj using Guid(2917a233f2183d7498e041cf8110fe82) Importer(815301076,1909f56bfc062723c751e8b465ee728b)  -> (artifact id: '6cc108785772da0d5f4ed1c75a02ba1a') in 0.201059 seconds 
========================================================================
Received Import Request.
  Time since last request: 0.000092 seconds.
  path: Assets/Assets/Ultimate Fantasy RTS - Aug 2022/OBJ/Resource_PineTree.obj
  artifactKey: Guid(b173a1a83f1f6ca4cb4066760db70cba) Importer(815301076,1909f56bfc062723c751e8b465ee728b)
Start importing Assets/Assets/Ultimate Fantasy RTS - Aug 2022/OBJ/Resource_PineTree.obj using Guid(b173a1a83f1f6ca4cb4066760db70cba) Importer(815301076,1909f56bfc062723c751e8b465ee728b)  -> (artifact id: 'b5b782d32b53cbd4e96b6e9c6735cf9c') in 0.111030 seconds 
========================================================================
Received Import Request.
  Time since last request: 0.000103 seconds.
  path: Assets/Assets/Ultimate Fantasy RTS - Aug 2022/OBJ/Resource_Gold_1.obj
  artifactKey: Guid(59d26da6ec4c6a64ea2d7c512f2c6c13) Importer(815301076,1909f56bfc062723c751e8b465ee728b)
Start importing Assets/Assets/Ultimate Fantasy RTS - Aug 2022/OBJ/Resource_Gold_1.obj using Guid(59d26da6ec4c6a64ea2d7c512f2c6c13) Importer(815301076,1909f56bfc062723c751e8b465ee728b)  -> (artifact id: '67940b2f6d7e21be917f89dbe729c3da') in 0.097314 seconds 
========================================================================
Received Import Request.
  Time since last request: 0.000058 seconds.
  path: Assets/Assets/Ultimate Fantasy RTS - Aug 2022/OBJ/Resource_Gold_2.obj
  artifactKey: Guid(17f3fe0a1dd5d47479c6934983033732) Importer(815301076,1909f56bfc062723c751e8b465ee728b)
Start importing Assets/Assets/Ultimate Fantasy RTS - Aug 2022/OBJ/Resource_Gold_2.obj using Guid(17f3fe0a1dd5d47479c6934983033732) Importer(815301076,1909f56bfc062723c751e8b465ee728b)  -> (artifact id: 'f913a060e0b2d9c16ab3e739bd346f66') in 0.086985 seconds 
========================================================================
Received Import Request.
  Time since last request: 33.503401 seconds.
  path: Assets/Assets/Ultimate Fantasy RTS - Aug 2022/PNG/Archery_FirstAge_Level3.png
  artifactKey: Guid(18b735bb425b1bf4093f411798ae7c62) Importer(815301076,1909f56bfc062723c751e8b465ee728b)
Start importing Assets/Assets/Ultimate Fantasy RTS - Aug 2022/PNG/Archery_FirstAge_Level3.png using Guid(18b735bb425b1bf4093f411798ae7c62) Importer(815301076,1909f56bfc062723c751e8b465ee728b)  -> (artifact id: '6275c7ff3986720336c32b682c734faa') in 0.067105 seconds 
========================================================================
Received Import Request.
  Time since last request: 0.000050 seconds.
  path: Assets/Assets/Ultimate Fantasy RTS - Aug 2022/PNG/Houses_SecondAge_3_Level1.png
  artifactKey: Guid(d4eca375bcf9d804090893a2112dbe47) Importer(815301076,1909f56bfc062723c751e8b465ee728b)
Start importing Assets/Assets/Ultimate Fantasy RTS - Aug 2022/PNG/Houses_SecondAge_3_Level1.png using Guid(d4eca375bcf9d804090893a2112dbe47) Importer(815301076,1909f56bfc062723c751e8b465ee728b)  -> (artifact id: '2a9452e03f6c62933646c9ec0c68587f') in 0.048396 seconds 
========================================================================
Received Import Request.
  Time since last request: 0.000063 seconds.
  path: Assets/Assets/Ultimate Fantasy RTS - Aug 2022/PNG/Barrel.png
  artifactKey: Guid(837a07416e3b70f4d929a859e69a3c0a) Importer(815301076,1909f56bfc062723c751e8b465ee728b)
Start importing Assets/Assets/Ultimate Fantasy RTS - Aug 2022/PNG/Barrel.png using Guid(837a07416e3b70f4d929a859e69a3c0a) Importer(815301076,1909f56bfc062723c751e8b465ee728b)  -> (artifact id: '2fa0bb5e2b1c03fcf6430c4a5684db7f') in 0.042627 seconds 
========================================================================
Received Import Request.
  Time since last request: 0.000110 seconds.
  path: Assets/Assets/Ultimate Fantasy RTS - Aug 2022/PNG/Houses_FirstAge_1_Level2.png
  artifactKey: Guid(3afc5cec0f1609c4681cfa3da3b6bfd5) Importer(815301076,1909f56bfc062723c751e8b465ee728b)
Start importing Assets/Assets/Ultimate Fantasy RTS - Aug 2022/PNG/Houses_FirstAge_1_Level2.png using Guid(3afc5cec0f1609c4681cfa3da3b6bfd5) Importer(815301076,1909f56bfc062723c751e8b465ee728b)  -> (artifact id: 'da6fc7bc088b7e6aa02dea6a7a51c524') in 0.040518 seconds 
========================================================================
Received Import Request.
  Time since last request: 0.000049 seconds.
  path: Assets/Assets/Ultimate Fantasy RTS - Aug 2022/PNG/Archery_SecondAge_Level1.png
  artifactKey: Guid(d47884a60e477814987945e82bcfbf6b) Importer(815301076,1909f56bfc062723c751e8b465ee728b)
Start importing Assets/Assets/Ultimate Fantasy RTS - Aug 2022/PNG/Archery_SecondAge_Level1.png using Guid(d47884a60e477814987945e82bcfbf6b) Importer(815301076,1909f56bfc062723c751e8b465ee728b)  -> (artifact id: '196a73de2659ce33a6c41e47b37994c1') in 0.041572 seconds 
========================================================================
Received Import Request.
  Time since last request: 0.000068 seconds.
  path: Assets/Assets/Ultimate Fantasy RTS - Aug 2022/PNG/Farm_FirstAge_Level3_Wheat.png
  artifactKey: Guid(ff66eab591d8fa64eab597b9042f2f4d) Importer(815301076,1909f56bfc062723c751e8b465ee728b)
Start importing Assets/Assets/Ultimate Fantasy RTS - Aug 2022/PNG/Farm_FirstAge_Level3_Wheat.png using Guid(ff66eab591d8fa64eab597b9042f2f4d) Importer(815301076,1909f56bfc062723c751e8b465ee728b)  -> (artifact id: '1d9e23a36ac136c6700a6f2637e44845') in 0.045800 seconds 
========================================================================
Received Import Request.
  Time since last request: 0.000061 seconds.
  path: Assets/Assets/Ultimate Fantasy RTS - Aug 2022/PNG/Houses_FirstAge_2_Level1.png
  artifactKey: Guid(3bab08e6e6ed6c540a93ac0bfa5e15d3) Importer(815301076,1909f56bfc062723c751e8b465ee728b)
Start importing Assets/Assets/Ultimate Fantasy RTS - Aug 2022/PNG/Houses_FirstAge_2_Level1.png using Guid(3bab08e6e6ed6c540a93ac0bfa5e15d3) Importer(815301076,1909f56bfc062723c751e8b465ee728b)  -> (artifact id: 'd3d90faaf414674d0483bbcc125f5610') in 0.039639 seconds 
========================================================================
Received Import Request.
  Time since last request: 0.000069 seconds.
  path: Assets/Assets/Ultimate Fantasy RTS - Aug 2022/PNG/Farm_SecondAge_Level2.png
  artifactKey: Guid(2fc823ad91f987f4c8c59869787de84a) Importer(815301076,1909f56bfc062723c751e8b465ee728b)
Start importing Assets/Assets/Ultimate Fantasy RTS - Aug 2022/PNG/Farm_SecondAge_Level2.png using Guid(2fc823ad91f987f4c8c59869787de84a) Importer(815301076,1909f56bfc062723c751e8b465ee728b)  -> (artifact id: 'da15e1ec83c64c0ce4132a86af3a536c') in 0.041557 seconds 
========================================================================
Received Import Request.
  Time since last request: 0.000067 seconds.
  path: Assets/Assets/Ultimate Fantasy RTS - Aug 2022/PNG/Barracks_SecondAge_Level1.png
  artifactKey: Guid(713e13498a8b6b149bd8f483f9bd0f2e) Importer(815301076,1909f56bfc062723c751e8b465ee728b)
Start importing Assets/Assets/Ultimate Fantasy RTS - Aug 2022/PNG/Barracks_SecondAge_Level1.png using Guid(713e13498a8b6b149bd8f483f9bd0f2e) Importer(815301076,1909f56bfc062723c751e8b465ee728b)  -> (artifact id: '91d50386a613376112d2c2677c846951') in 0.040531 seconds 
========================================================================
Received Import Request.
  Time since last request: 0.000047 seconds.
  path: Assets/Assets/Ultimate Fantasy RTS - Aug 2022/PNG/Farm_SecondAge_Level1_Wheat.png
  artifactKey: Guid(ea7c61d6945466a4c8f961ee435af331) Importer(815301076,1909f56bfc062723c751e8b465ee728b)
Start importing Assets/Assets/Ultimate Fantasy RTS - Aug 2022/PNG/Farm_SecondAge_Level1_Wheat.png using Guid(ea7c61d6945466a4c8f961ee435af331) Importer(815301076,1909f56bfc062723c751e8b465ee728b)  -> (artifact id: 'cb11d6bbcc85cecbc5dc82f83d8a1bf9') in 0.046134 seconds 
========================================================================
Received Import Request.
  Time since last request: 0.000054 seconds.
  path: Assets/Assets/Ultimate Fantasy RTS - Aug 2022/PNG/Farm_Dirt_Level3.png
  artifactKey: Guid(0858ca69860c1344a91577e05147c58b) Importer(815301076,1909f56bfc062723c751e8b465ee728b)
Start importing Assets/Assets/Ultimate Fantasy RTS - Aug 2022/PNG/Farm_Dirt_Level3.png using Guid(0858ca69860c1344a91577e05147c58b) Importer(815301076,1909f56bfc062723c751e8b465ee728b)  -> (artifact id: 'b804bfb6c5c2d784925e3cdd25ccdfa2') in 0.042109 seconds 
========================================================================
Received Import Request.
  Time since last request: 0.000052 seconds.
  path: Assets/Assets/Ultimate Fantasy RTS - Aug 2022/PNG/Barracks_FirstAge_Level3.png
  artifactKey: Guid(079149b5da8211b4e908fd95f146c218) Importer(815301076,1909f56bfc062723c751e8b465ee728b)
Start importing Assets/Assets/Ultimate Fantasy RTS - Aug 2022/PNG/Barracks_FirstAge_Level3.png using Guid(079149b5da8211b4e908fd95f146c218) Importer(815301076,1909f56bfc062723c751e8b465ee728b)  -> (artifact id: 'd97218267c4b295c6e871572b7598752') in 0.046103 seconds 
========================================================================
Received Import Request.
  Time since last request: 0.000102 seconds.
  path: Assets/Assets/Ultimate Fantasy RTS - Aug 2022/PNG/Houses_FirstAge_3_Level2.png
  artifactKey: Guid(c899710248112714aaa09e45b80ca263) Importer(815301076,1909f56bfc062723c751e8b465ee728b)
Start importing Assets/Assets/Ultimate Fantasy RTS - Aug 2022/PNG/Houses_FirstAge_3_Level2.png using Guid(c899710248112714aaa09e45b80ca263) Importer(815301076,1909f56bfc062723c751e8b465ee728b)  -> (artifact id: '772491b520f57c78ab74c73725c4dc15') in 0.040196 seconds 
========================================================================
Received Import Request.
  Time since last request: 0.000072 seconds.
  path: Assets/Assets/Ultimate Fantasy RTS - Aug 2022/PNG/Crate.png
  artifactKey: Guid(a5cd50c209d8865459fe2b2d11dab294) Importer(815301076,1909f56bfc062723c751e8b465ee728b)
Start importing Assets/Assets/Ultimate Fantasy RTS - Aug 2022/PNG/Crate.png using Guid(a5cd50c209d8865459fe2b2d11dab294) Importer(815301076,1909f56bfc062723c751e8b465ee728b)  -> (artifact id: 'a68e96619a3591d9658c693882fb26df') in 0.042680 seconds 
========================================================================
Received Import Request.
  Time since last request: 0.000111 seconds.
  path: Assets/Assets/Ultimate Fantasy RTS - Aug 2022/PNG/Farm_Dirt_Level1.png
  artifactKey: Guid(cbaa5a6e0cb366a498760a610c19cf8e) Importer(815301076,1909f56bfc062723c751e8b465ee728b)
Start importing Assets/Assets/Ultimate Fantasy RTS - Aug 2022/PNG/Farm_Dirt_Level1.png using Guid(cbaa5a6e0cb366a498760a610c19cf8e) Importer(815301076,1909f56bfc062723c751e8b465ee728b)  -> (artifact id: '1412588ec9bf2e03ca3ed4b0a0b4a3ef') in 0.027589 seconds 
========================================================================
Received Import Request.
  Time since last request: 0.000060 seconds.
  path: Assets/Assets/Ultimate Fantasy RTS - Aug 2022/PNG/Archery_SecondAge_Level3.png
  artifactKey: Guid(f568551ee0713a34a8a561a02b7200a6) Importer(815301076,1909f56bfc062723c751e8b465ee728b)
Start importing Assets/Assets/Ultimate Fantasy RTS - Aug 2022/PNG/Archery_SecondAge_Level3.png using Guid(f568551ee0713a34a8a561a02b7200a6) Importer(815301076,1909f56bfc062723c751e8b465ee728b)  -> (artifact id: '2ec404af56711c08f5b81ddde2b6cf33') in 0.038558 seconds 
========================================================================
Received Import Request.
  Time since last request: 0.000067 seconds.
  path: Assets/Assets/Ultimate Fantasy RTS - Aug 2022/PNG/Farm_FirstAge_Level1.png
  artifactKey: Guid(16bf9cf69b3a6334fafe073a2b968763) Importer(815301076,1909f56bfc062723c751e8b465ee728b)
Start importing Assets/Assets/Ultimate Fantasy RTS - Aug 2022/PNG/Farm_FirstAge_Level1.png using Guid(16bf9cf69b3a6334fafe073a2b968763) Importer(815301076,1909f56bfc062723c751e8b465ee728b)  -> (artifact id: 'de22370743d67f13e61239fc3dfe2b53') in 0.038822 seconds 
========================================================================
Received Import Request.
  Time since last request: 11.368035 seconds.
  path: Assets/Assets/Ultimate Fantasy RTS - Aug 2022/PNG/Logs.png
  artifactKey: Guid(3b8b2b2eaebab4744bbe6eb32f2f9520) Importer(815301076,1909f56bfc062723c751e8b465ee728b)
Start importing Assets/Assets/Ultimate Fantasy RTS - Aug 2022/PNG/Logs.png using Guid(3b8b2b2eaebab4744bbe6eb32f2f9520) Importer(815301076,1909f56bfc062723c751e8b465ee728b)  -> (artifact id: 'd72af72f2c25c43dff0e400f43e6afb1') in 0.044791 seconds 
========================================================================
Received Import Request.
  Time since last request: 0.000052 seconds.
  path: Assets/Assets/Ultimate Fantasy RTS - Aug 2022/PNG/Market_FirstAge_Level2.png
  artifactKey: Guid(0c5ca3c3bc5209b44b8cfd2b87d5b2aa) Importer(815301076,1909f56bfc062723c751e8b465ee728b)
Start importing Assets/Assets/Ultimate Fantasy RTS - Aug 2022/PNG/Market_FirstAge_Level2.png using Guid(0c5ca3c3bc5209b44b8cfd2b87d5b2aa) Importer(815301076,1909f56bfc062723c751e8b465ee728b)  -> (artifact id: '8896fdad8324324328e06e9ecbe18faa') in 0.036244 seconds 
========================================================================
Received Import Request.
  Time since last request: 0.000067 seconds.
  path: Assets/Assets/Ultimate Fantasy RTS - Aug 2022/PNG/Market_FirstAge_Level1.png
  artifactKey: Guid(f3971deaecfbc6a42bd3cb66a0654ae4) Importer(815301076,1909f56bfc062723c751e8b465ee728b)
Start importing Assets/Assets/Ultimate Fantasy RTS - Aug 2022/PNG/Market_FirstAge_Level1.png using Guid(f3971deaecfbc6a42bd3cb66a0654ae4) Importer(815301076,1909f56bfc062723c751e8b465ee728b)  -> (artifact id: '5a69fddb7f944247b8c2258584eef6d7') in 0.044853 seconds 
========================================================================
Received Import Request.
  Time since last request: 0.000141 seconds.
  path: Assets/Assets/Ultimate Fantasy RTS - Aug 2022/PNG/Resource_PineTree_2.png
  artifactKey: Guid(0838fc8ffca774d4b8b5d43b35785115) Importer(815301076,1909f56bfc062723c751e8b465ee728b)
Start importing Assets/Assets/Ultimate Fantasy RTS - Aug 2022/PNG/Resource_PineTree_2.png using Guid(0838fc8ffca774d4b8b5d43b35785115) Importer(815301076,1909f56bfc062723c751e8b465ee728b)  -> (artifact id: '73b07ddc1a2df3abde50d72b2fc321c0') in 0.046123 seconds 
========================================================================
Received Import Request.
  Time since last request: 0.000073 seconds.
  path: Assets/Assets/Ultimate Fantasy RTS - Aug 2022/PNG/Port_SecondAge_Level2.png
  artifactKey: Guid(27e3f16a44f5e48409b97861d2597717) Importer(815301076,1909f56bfc062723c751e8b465ee728b)
Start importing Assets/Assets/Ultimate Fantasy RTS - Aug 2022/PNG/Port_SecondAge_Level2.png using Guid(27e3f16a44f5e48409b97861d2597717) Importer(815301076,1909f56bfc062723c751e8b465ee728b)  -> (artifact id: 'd57aa12529ae28a2b5ca86485e1c43ea') in 0.042131 seconds 
========================================================================
Received Import Request.
  Time since last request: 0.000060 seconds.
  path: Assets/Assets/Ultimate Fantasy RTS - Aug 2022/PNG/Resource_Gold_1.png
  artifactKey: Guid(a59bccd85464c2f4a988ed2be3222401) Importer(815301076,1909f56bfc062723c751e8b465ee728b)
Start importing Assets/Assets/Ultimate Fantasy RTS - Aug 2022/PNG/Resource_Gold_1.png using Guid(a59bccd85464c2f4a988ed2be3222401) Importer(815301076,1909f56bfc062723c751e8b465ee728b)  -> (artifact id: 'b7ee29fe4263890a1dc8879ab8c0ac7e') in 0.038723 seconds 
========================================================================
Received Import Request.
  Time since last request: 0.000051 seconds.
  path: Assets/Assets/Ultimate Fantasy RTS - Aug 2022/PNG/Port_FirstAge_Level2.png
  artifactKey: Guid(826c97b5b5fed5b4c9d2448f82ebebf7) Importer(815301076,1909f56bfc062723c751e8b465ee728b)
Start importing Assets/Assets/Ultimate Fantasy RTS - Aug 2022/PNG/Port_FirstAge_Level2.png using Guid(826c97b5b5fed5b4c9d2448f82ebebf7) Importer(815301076,1909f56bfc062723c751e8b465ee728b)  -> (artifact id: '83c1adcbb7754da140553b8e0115f7ad') in 0.036074 seconds 
========================================================================
Received Import Request.
  Time since last request: 0.000055 seconds.
  path: Assets/Assets/Ultimate Fantasy RTS - Aug 2022/PNG/Market_SecondAge_Level3.png
  artifactKey: Guid(a2c3bc9617821c740bced834267b4da6) Importer(815301076,1909f56bfc062723c751e8b465ee728b)
Start importing Assets/Assets/Ultimate Fantasy RTS - Aug 2022/PNG/Market_SecondAge_Level3.png using Guid(a2c3bc9617821c740bced834267b4da6) Importer(815301076,1909f56bfc062723c751e8b465ee728b)  -> (artifact id: 'cccb04c9a0b4835be0fe265818c26542') in 0.043673 seconds 
========================================================================
Received Import Request.
  Time since last request: 0.921932 seconds.
  path: Assets/Assets/Ultimate Fantasy RTS - Aug 2022/PNG/Resource_PineTree_Group_Cut.png
  artifactKey: Guid(fdd9e1347a022084fa65cbd893eed209) Importer(815301076,1909f56bfc062723c751e8b465ee728b)
Start importing Assets/Assets/Ultimate Fantasy RTS - Aug 2022/PNG/Resource_PineTree_Group_Cut.png using Guid(fdd9e1347a022084fa65cbd893eed209) Importer(815301076,1909f56bfc062723c751e8b465ee728b)  -> (artifact id: '9bbd409e6e65601a0dfaeda5e8115349') in 0.041885 seconds 
========================================================================
Received Import Request.
  Time since last request: 0.000077 seconds.
  path: Assets/Assets/Ultimate Fantasy RTS - Aug 2022/PNG/Storage_SecondAge_Level3.png
  artifactKey: Guid(625d2f5b0401fbf4498fea3f0da3c02e) Importer(815301076,1909f56bfc062723c751e8b465ee728b)
Start importing Assets/Assets/Ultimate Fantasy RTS - Aug 2022/PNG/Storage_SecondAge_Level3.png using Guid(625d2f5b0401fbf4498fea3f0da3c02e) Importer(815301076,1909f56bfc062723c751e8b465ee728b)  -> (artifact id: '48b9a44f3eae52fd8e2de2616ebe86e2') in 0.041446 seconds 
========================================================================
Received Import Request.
  Time since last request: 0.000062 seconds.
  path: Assets/Assets/Ultimate Fantasy RTS - Aug 2022/PNG/Storage_FirstAge_Level1.png
  artifactKey: Guid(8fea9d1991e220f4586a3c4bd8156698) Importer(815301076,1909f56bfc062723c751e8b465ee728b)
Start importing Assets/Assets/Ultimate Fantasy RTS - Aug 2022/PNG/Storage_FirstAge_Level1.png using Guid(8fea9d1991e220f4586a3c4bd8156698) Importer(815301076,1909f56bfc062723c751e8b465ee728b)  -> (artifact id: '2355d78fb151318185cfac5bbc302697') in 0.047334 seconds 
========================================================================
Received Import Request.
  Time since last request: 0.000093 seconds.
  path: Assets/Assets/Ultimate Fantasy RTS - Aug 2022/PNG/Resource_Tree3.png
  artifactKey: Guid(05c9b2c074cf7b74aa7aa9744572844a) Importer(815301076,1909f56bfc062723c751e8b465ee728b)
Start importing Assets/Assets/Ultimate Fantasy RTS - Aug 2022/PNG/Resource_Tree3.png using Guid(05c9b2c074cf7b74aa7aa9744572844a) Importer(815301076,1909f56bfc062723c751e8b465ee728b)  -> (artifact id: 'e1106a2e90d91cc68e789572e291f5f6') in 0.042511 seconds 
========================================================================
Received Import Request.
  Time since last request: 0.000059 seconds.
  path: Assets/Assets/Ultimate Fantasy RTS - Aug 2022/PNG/Rock.png
  artifactKey: Guid(97d26af3a91aec345bfcdc27b4060e86) Importer(815301076,1909f56bfc062723c751e8b465ee728b)
Start importing Assets/Assets/Ultimate Fantasy RTS - Aug 2022/PNG/Rock.png using Guid(97d26af3a91aec345bfcdc27b4060e86) Importer(815301076,1909f56bfc062723c751e8b465ee728b)  -> (artifact id: 'f21a216dd50ccfeb7da7d8c1b1924c7a') in 0.035436 seconds 
========================================================================
Received Import Request.
  Time since last request: 0.000085 seconds.
  path: Assets/Assets/Ultimate Fantasy RTS - Aug 2022/PNG/Storage_SecondAge_Level1.png
  artifactKey: Guid(f8adb3299887bcb479377c85085d2b58) Importer(815301076,1909f56bfc062723c751e8b465ee728b)
Start importing Assets/Assets/Ultimate Fantasy RTS - Aug 2022/PNG/Storage_SecondAge_Level1.png using Guid(f8adb3299887bcb479377c85085d2b58) Importer(815301076,1909f56bfc062723c751e8b465ee728b)  -> (artifact id: '8e1d09edd74bba8c4599b30f1ae27236') in 0.041238 seconds 
========================================================================
Received Import Request.
  Time since last request: 0.000065 seconds.
  path: Assets/Assets/Ultimate Fantasy RTS - Aug 2022/PNG/Temple_FirstAge_Level3.png
  artifactKey: Guid(3c87f9c3c4405c64ea59f892c0def2f5) Importer(815301076,1909f56bfc062723c751e8b465ee728b)
Start importing Assets/Assets/Ultimate Fantasy RTS - Aug 2022/PNG/Temple_FirstAge_Level3.png using Guid(3c87f9c3c4405c64ea59f892c0def2f5) Importer(815301076,1909f56bfc062723c751e8b465ee728b)  -> (artifact id: 'bf2a93fb5802970fdff86f78e2e7c357') in 0.042025 seconds 
========================================================================
Received Import Request.
  Time since last request: 0.000102 seconds.
  path: Assets/Assets/Ultimate Fantasy RTS - Aug 2022/PNG/Temple_FirstAge_Level2.png
  artifactKey: Guid(6d7a16fc9ba85d84caf182864622a086) Importer(815301076,1909f56bfc062723c751e8b465ee728b)
Start importing Assets/Assets/Ultimate Fantasy RTS - Aug 2022/PNG/Temple_FirstAge_Level2.png using Guid(6d7a16fc9ba85d84caf182864622a086) Importer(815301076,1909f56bfc062723c751e8b465ee728b)  -> (artifact id: '6ce23b83f0e91c6e1b9cecee5da8e739') in 0.033284 seconds 
========================================================================
Received Import Request.
  Time since last request: 31.392261 seconds.
  path: Assets/Assets/Ultimate Fantasy RTS - Aug 2022/OBJ/Resource_Tree_Group.obj
  artifactKey: Guid(42833878c997f264ba7d76ab0a795b55) Importer(815301076,1909f56bfc062723c751e8b465ee728b)
Start importing Assets/Assets/Ultimate Fantasy RTS - Aug 2022/OBJ/Resource_Tree_Group.obj using Guid(42833878c997f264ba7d76ab0a795b55) Importer(815301076,1909f56bfc062723c751e8b465ee728b)  -> (artifact id: '789b0e8d32bbfd33c02ab25b652eaa12') in 0.090422 seconds 
========================================================================
Received Import Request.
  Time since last request: 0.000067 seconds.
  path: Assets/Assets/Ultimate Fantasy RTS - Aug 2022/OBJ/Resource_Tree_Group_Cut.obj
  artifactKey: Guid(f91a927416133d34897acbb5ae82c335) Importer(815301076,1909f56bfc062723c751e8b465ee728b)
Start importing Assets/Assets/Ultimate Fantasy RTS - Aug 2022/OBJ/Resource_Tree_Group_Cut.obj using Guid(f91a927416133d34897acbb5ae82c335) Importer(815301076,1909f56bfc062723c751e8b465ee728b)  -> (artifact id: '9776620f86a18347146ef8671e06b8d8') in 0.086145 seconds 
========================================================================
Received Import Request.
  Time since last request: 2.931705 seconds.
  path: Assets/Assets/Ultimate Fantasy RTS - Aug 2022/OBJ/Storage_FirstAge_Level2.obj
  artifactKey: Guid(e869286c8624bd94aa73b1ea8d12016c) Importer(815301076,1909f56bfc062723c751e8b465ee728b)
Start importing Assets/Assets/Ultimate Fantasy RTS - Aug 2022/OBJ/Storage_FirstAge_Level2.obj using Guid(e869286c8624bd94aa73b1ea8d12016c) Importer(815301076,1909f56bfc062723c751e8b465ee728b)  -> (artifact id: 'e5d8c1a71c7dab8517015747023c6f65') in 0.083971 seconds 
========================================================================
Received Import Request.
  Time since last request: 0.000066 seconds.
  path: Assets/Assets/Ultimate Fantasy RTS - Aug 2022/OBJ/Temple_SecondAge_Level1.obj
  artifactKey: Guid(f5dfb5404e8e1234287f138a527ba4fc) Importer(815301076,1909f56bfc062723c751e8b465ee728b)
Start importing Assets/Assets/Ultimate Fantasy RTS - Aug 2022/OBJ/Temple_SecondAge_Level1.obj using Guid(f5dfb5404e8e1234287f138a527ba4fc) Importer(815301076,1909f56bfc062723c751e8b465ee728b)  -> (artifact id: '3235962815ddc708ab14d203a5f43a3a') in 0.101498 seconds 
========================================================================
Received Import Request.
  Time since last request: 0.000072 seconds.
  path: Assets/Assets/Ultimate Fantasy RTS - Aug 2022/OBJ/Temple_FirstAge_Level2.obj
  artifactKey: Guid(0cde052cc10f26e41a2a801ee23499c5) Importer(815301076,1909f56bfc062723c751e8b465ee728b)
Start importing Assets/Assets/Ultimate Fantasy RTS - Aug 2022/OBJ/Temple_FirstAge_Level2.obj using Guid(0cde052cc10f26e41a2a801ee23499c5) Importer(815301076,1909f56bfc062723c751e8b465ee728b)  -> (artifact id: '418ad9984cbd94c4476e6c670c062282') in 0.102586 seconds 
========================================================================
Received Import Request.
  Time since last request: 0.000090 seconds.
  path: Assets/Assets/Ultimate Fantasy RTS - Aug 2022/OBJ/TownCenter_FirstAge_Level2.obj
  artifactKey: Guid(01075568677cf5343a5a17b6dfaff5ac) Importer(815301076,1909f56bfc062723c751e8b465ee728b)
Start importing Assets/Assets/Ultimate Fantasy RTS - Aug 2022/OBJ/TownCenter_FirstAge_Level2.obj using Guid(01075568677cf5343a5a17b6dfaff5ac) Importer(815301076,1909f56bfc062723c751e8b465ee728b)  -> (artifact id: 'b58de1cc38eefb5b878ca0f05fcddf24') in 0.114526 seconds 
========================================================================
Received Import Request.
  Time since last request: 0.000057 seconds.
  path: Assets/Assets/Ultimate Fantasy RTS - Aug 2022/OBJ/TownCenter_SecondAge_Level1.obj
  artifactKey: Guid(cf9e0cec7d604ec40b7772d507c803bd) Importer(815301076,1909f56bfc062723c751e8b465ee728b)
Start importing Assets/Assets/Ultimate Fantasy RTS - Aug 2022/OBJ/TownCenter_SecondAge_Level1.obj using Guid(cf9e0cec7d604ec40b7772d507c803bd) Importer(815301076,1909f56bfc062723c751e8b465ee728b)  -> (artifact id: 'd16ca7f1599ab390623cb2e5ade58197') in 0.089770 seconds 
========================================================================
Received Import Request.
  Time since last request: 0.000059 seconds.
  path: Assets/Assets/Ultimate Fantasy RTS - Aug 2022/OBJ/TownCenter_FirstAge_Level1.obj
  artifactKey: Guid(e86f1a5aabc4050419a2b9c8d804fb74) Importer(815301076,1909f56bfc062723c751e8b465ee728b)
Start importing Assets/Assets/Ultimate Fantasy RTS - Aug 2022/OBJ/TownCenter_FirstAge_Level1.obj using Guid(e86f1a5aabc4050419a2b9c8d804fb74) Importer(815301076,1909f56bfc062723c751e8b465ee728b)  -> (artifact id: '9b06763cc94f02e3853ed5159082439f') in 0.090739 seconds 
========================================================================
Received Import Request.
  Time since last request: 0.000081 seconds.
  path: Assets/Assets/Ultimate Fantasy RTS - Aug 2022/OBJ/Temple_SecondAge_Level2.obj
  artifactKey: Guid(5d373d451187df746b4244a0d3365d6e) Importer(815301076,1909f56bfc062723c751e8b465ee728b)
Start importing Assets/Assets/Ultimate Fantasy RTS - Aug 2022/OBJ/Temple_SecondAge_Level2.obj using Guid(5d373d451187df746b4244a0d3365d6e) Importer(815301076,1909f56bfc062723c751e8b465ee728b)  -> (artifact id: '372603bb49baeddb589bb0d35efb987d') in 0.092870 seconds 
========================================================================
Received Import Request.
  Time since last request: 6.137989 seconds.
  path: Assets/Assets/Ultimate Fantasy RTS - Aug 2022/OBJ/Wall_FirstAge.obj
  artifactKey: Guid(e5f528722d4d50c4b981b9b43c85ccf0) Importer(815301076,1909f56bfc062723c751e8b465ee728b)
Start importing Assets/Assets/Ultimate Fantasy RTS - Aug 2022/OBJ/Wall_FirstAge.obj using Guid(e5f528722d4d50c4b981b9b43c85ccf0) Importer(815301076,1909f56bfc062723c751e8b465ee728b)  -> (artifact id: 'fb54d1f4e509c903489e18b8e99047f7') in 0.098524 seconds 
========================================================================
Received Import Request.
  Time since last request: 0.000055 seconds.
  path: Assets/Assets/Ultimate Fantasy RTS - Aug 2022/OBJ/Wall_SecondAge.obj
  artifactKey: Guid(40cd5d55d17afad4aa9a499d91504b0b) Importer(815301076,1909f56bfc062723c751e8b465ee728b)
Start importing Assets/Assets/Ultimate Fantasy RTS - Aug 2022/OBJ/Wall_SecondAge.obj using Guid(40cd5d55d17afad4aa9a499d91504b0b) Importer(815301076,1909f56bfc062723c751e8b465ee728b)  -> (artifact id: '2ba58dc8e92871b39c17ebdfcf81cdc8') in 0.097071 seconds 
========================================================================
Received Import Request.
  Time since last request: 7.238175 seconds.
  path: Assets/Assets/Ultimate Fantasy RTS - Aug 2022/OBJ/WallTowers_FirstAge.obj
  artifactKey: Guid(7a513551c0a97b94e9ff26f1f966ab2a) Importer(815301076,1909f56bfc062723c751e8b465ee728b)
Start importing Assets/Assets/Ultimate Fantasy RTS - Aug 2022/OBJ/WallTowers_FirstAge.obj using Guid(7a513551c0a97b94e9ff26f1f966ab2a) Importer(815301076,1909f56bfc062723c751e8b465ee728b)  -> (artifact id: 'ec5d20872f54dbcaf24f8639db8943a2') in 0.087323 seconds 
========================================================================
Received Import Request.
  Time since last request: 0.000057 seconds.
  path: Assets/Assets/Ultimate Fantasy RTS - Aug 2022/OBJ/WallTowers_SecondAge.obj
  artifactKey: Guid(328dd24af7b593c45a09d8f756ce67e3) Importer(815301076,1909f56bfc062723c751e8b465ee728b)
Start importing Assets/Assets/Ultimate Fantasy RTS - Aug 2022/OBJ/WallTowers_SecondAge.obj using Guid(328dd24af7b593c45a09d8f756ce67e3) Importer(815301076,1909f56bfc062723c751e8b465ee728b)  -> (artifact id: '151f5719d7c10d81e285080797a4ca9f') in 0.108397 seconds 
